  Zad1.c
C:\Users\juris\OneDrive\Desktop\Strukture podataka\Vjezba1\Vjezba1\Zad1.c(10,12): error C2143: syntax error: missing ';' before '='
C:\Users\juris\OneDrive\Desktop\Strukture podataka\Vjezba1\Vjezba1\Zad1.c(10,12): error C2059: syntax error: '='
C:\Users\juris\OneDrive\Desktop\Strukture podataka\Vjezba1\Vjezba1\Zad1.c(12,1): error C2059: syntax error: '}'
C:\Users\juris\OneDrive\Desktop\Strukture podataka\Vjezba1\Vjezba1\Zad1.c(35,1): error C2065: 'student': undeclared identifier
C:\Users\juris\OneDrive\Desktop\Strukture podataka\Vjezba1\Vjezba1\Zad1.c(35,10): error C2065: 'niz': undeclared identifier
C:\Users\juris\OneDrive\Desktop\Strukture podataka\Vjezba1\Vjezba1\Zad1.c(35,17): error C2065: 'student': undeclared identifier
C:\Users\juris\OneDrive\Desktop\Strukture podataka\Vjezba1\Vjezba1\Zad1.c(35,25): error C2059: syntax error: ')'
C:\Users\juris\OneDrive\Desktop\Strukture podataka\Vjezba1\Vjezba1\Zad1.c(42,26): error C2065: 'niz': undeclared identifier
C:\Users\juris\OneDrive\Desktop\Strukture podataka\Vjezba1\Vjezba1\Zad1.c(42,29): error C2109: subscript requires array or pointer type
C:\Users\juris\OneDrive\Desktop\Strukture podataka\Vjezba1\Vjezba1\Zad1.c(42,38): error C2065: 'niz': undeclared identifier
C:\Users\juris\OneDrive\Desktop\Strukture podataka\Vjezba1\Vjezba1\Zad1.c(42,41): error C2109: subscript requires array or pointer type
C:\Users\juris\OneDrive\Desktop\Strukture podataka\Vjezba1\Vjezba1\Zad1.c(42,54): error C2065: 'niz': undeclared identifier
C:\Users\juris\OneDrive\Desktop\Strukture podataka\Vjezba1\Vjezba1\Zad1.c(42,57): error C2109: subscript requires array or pointer type
C:\Users\juris\OneDrive\Desktop\Strukture podataka\Vjezba1\Vjezba1\Zad1.c(42,14): warning C4473: 'fscanf' : not enough arguments passed for format string
      C:\Users\juris\OneDrive\Desktop\Strukture podataka\Vjezba1\Vjezba1\Zad1.c(42,14):
      placeholders and their parameters expect 3 variadic arguments, but 0 were provided
      C:\Users\juris\OneDrive\Desktop\Strukture podataka\Vjezba1\Vjezba1\Zad1.c(42,14):
      the missing variadic argument 1 is required by format string '%s'
  
C:\Users\juris\OneDrive\Desktop\Strukture podataka\Vjezba1\Vjezba1\Zad1.c(43,2): error C2065: 'niz': undeclared identifier
C:\Users\juris\OneDrive\Desktop\Strukture podataka\Vjezba1\Vjezba1\Zad1.c(43,5): error C2109: subscript requires array or pointer type
C:\Users\juris\OneDrive\Desktop\Strukture podataka\Vjezba1\Vjezba1\Zad1.c(43,27): error C2065: 'niz': undeclared identifier
C:\Users\juris\OneDrive\Desktop\Strukture podataka\Vjezba1\Vjezba1\Zad1.c(43,30): error C2109: subscript requires array or pointer type
C:\Users\juris\OneDrive\Desktop\Strukture podataka\Vjezba1\Vjezba1\Zad1.c(51,22): error C2065: 'niz': undeclared identifier
C:\Users\juris\OneDrive\Desktop\Strukture podataka\Vjezba1\Vjezba1\Zad1.c(51,25): error C2109: subscript requires array or pointer type
C:\Users\juris\OneDrive\Desktop\Strukture podataka\Vjezba1\Vjezba1\Zad1.c(51,9): warning C4473: 'printf' : not enough arguments passed for format string
      C:\Users\juris\OneDrive\Desktop\Strukture podataka\Vjezba1\Vjezba1\Zad1.c(51,9):
      placeholders and their parameters expect 1 variadic arguments, but 0 were provided
      C:\Users\juris\OneDrive\Desktop\Strukture podataka\Vjezba1\Vjezba1\Zad1.c(51,9):
      the missing variadic argument 1 is required by format string '%s'
  
C:\Users\juris\OneDrive\Desktop\Strukture podataka\Vjezba1\Vjezba1\Zad1.c(52,25): error C2065: 'niz': undeclared identifier
C:\Users\juris\OneDrive\Desktop\Strukture podataka\Vjezba1\Vjezba1\Zad1.c(52,28): error C2109: subscript requires array or pointer type
C:\Users\juris\OneDrive\Desktop\Strukture podataka\Vjezba1\Vjezba1\Zad1.c(52,9): warning C4473: 'printf' : not enough arguments passed for format string
      C:\Users\juris\OneDrive\Desktop\Strukture podataka\Vjezba1\Vjezba1\Zad1.c(52,9):
      placeholders and their parameters expect 1 variadic arguments, but 0 were provided
      C:\Users\juris\OneDrive\Desktop\Strukture podataka\Vjezba1\Vjezba1\Zad1.c(52,9):
      the missing variadic argument 1 is required by format string '%s'
  
C:\Users\juris\OneDrive\Desktop\Strukture podataka\Vjezba1\Vjezba1\Zad1.c(53,40): error C2065: 'niz': undeclared identifier
C:\Users\juris\OneDrive\Desktop\Strukture podataka\Vjezba1\Vjezba1\Zad1.c(53,43): error C2109: subscript requires array or pointer type
C:\Users\juris\OneDrive\Desktop\Strukture podataka\Vjezba1\Vjezba1\Zad1.c(53,9): warning C4473: 'printf' : not enough arguments passed for format string
      C:\Users\juris\OneDrive\Desktop\Strukture podataka\Vjezba1\Vjezba1\Zad1.c(53,9):
      placeholders and their parameters expect 1 variadic arguments, but 0 were provided
      C:\Users\juris\OneDrive\Desktop\Strukture podataka\Vjezba1\Vjezba1\Zad1.c(53,9):
      the missing variadic argument 1 is required by format string '%d'
  
C:\Users\juris\OneDrive\Desktop\Strukture podataka\Vjezba1\Vjezba1\Zad1.c(54,44): error C2065: 'niz': undeclared identifier
C:\Users\juris\OneDrive\Desktop\Strukture podataka\Vjezba1\Vjezba1\Zad1.c(54,47): error C2109: subscript requires array or pointer type
C:\Users\juris\OneDrive\Desktop\Strukture podataka\Vjezba1\Vjezba1\Zad1.c(54,9): warning C4473: 'printf' : not enough arguments passed for format string
      C:\Users\juris\OneDrive\Desktop\Strukture podataka\Vjezba1\Vjezba1\Zad1.c(54,9):
      placeholders and their parameters expect 1 variadic arguments, but 0 were provided
      C:\Users\juris\OneDrive\Desktop\Strukture podataka\Vjezba1\Vjezba1\Zad1.c(54,9):
      the missing variadic argument 1 is required by format string '%.2f'
  
